Build started 27/10/2014 17:17:41.
     1>Project "C:\Users\Bryan\Documents\Visual Studio 2013\Projects\Lab2\Lab2\Lab2.vcxproj" on node 2 (Build target(s)).
     1>ClCompile:
         C:\Program Files (x86)\Microsoft Visual Studio 12.0\VC\bin\CL.exe /c /ZI /nologo /W3 /WX- /sdl /Od /Oy- /D _MBCS /Gm /EHsc /RTC1 /MDd /GS /fp:precise /Zc:wchar_t /Zc:forScope /Fo"Debug\\" /Fd"Debug\vc120.pdb" /Gd /TP /analyze- /errorReport:prompt main.cpp
         main.cpp
     1>c:\users\bryan\documents\visual studio 2013\projects\lab2\lab2\main.cpp(58): error C2660: 'cCube::initialiseCube' : function does not take 0 arguments
     1>Done Building Project "C:\Users\Bryan\Documents\Visual Studio 2013\Projects\Lab2\Lab2\Lab2.vcxproj" (Build target(s)) -- FAILED.

Build FAILED.

Time Elapsed 00:00:01.18
